<?xml version="1.0" encoding="UTF-8"?>
<!-- Generated by org.testng.reporters.JUnitReportReporter -->
<testsuite name="com.script.CommonLogin" tests="1" time="8.560" ignored="0" failures="0" timestamp="09 Jul 2019 08:09:53 GMT" skipped="0" hostname="KESHAV" errors="0">
  <testcase name="loginTest" time="8.560" classname="com.script.CommonLogin"/>
</testsuite> <!-- com.script.CommonLogin -->
