<?xml version="1.0" encoding="UTF-8"?>
<!-- Generated by org.testng.reporters.JUnitReportReporter -->
<testsuite name="com.script.CommonLogOut" tests="1" time="0.016" ignored="0" failures="0" timestamp="09 Jul 2019 08:09:53 GMT" skipped="0" hostname="KESHAV" errors="0">
  <testcase name="logOutLink" time="0.016" classname="com.script.CommonLogOut"/>
</testsuite> <!-- com.script.CommonLogOut -->
