<?xml version="1.0" encoding="UTF-8"?>
<!-- Generated by org.testng.reporters.JUnitReportReporter -->
<testsuite name="com.script.Simp" tests="1" time="3.724" ignored="0" failures="0" timestamp="08 Jul 2019 13:09:57 GMT" skipped="0" hostname="KESHAV" errors="0">
  <testcase name="main" time="3.724" classname="com.script.Simp"/>
</testsuite> <!-- com.script.Simp -->
