<?xml version="1.0" encoding="UTF-8"?>
<!-- Generated by org.testng.reporters.JUnitReportReporter -->
<testsuite skipped="0" hostname="KESHAV" name="com.script.CommonLogin" tests="1" failures="0" timestamp="2019-07-19T21:28:48 IST" time="16.408" errors="0">
  <testcase name="loginTest" time="16.408" classname="com.script.CommonLogin"/>
</testsuite> <!-- com.script.CommonLogin -->
