<?xml version="1.0" encoding="UTF-8"?>
<!-- Generated by org.testng.reporters.JUnitReportReporter -->
<testsuite skipped="0" hostname="KESHAV" name="com.script.CommonLogOut" tests="1" failures="0" timestamp="2019-07-19T21:28:48 IST" time="0.003" errors="0">
  <testcase name="logOutLink" time="0.003" classname="com.script.CommonLogOut"/>
</testsuite> <!-- com.script.CommonLogOut -->
